C:\Program Files (x86)\Microsoft Visual Studio\2017\Community\Common7\IDE\VC\VCTargets\Microsoft.CppBuild.targets(387,5): warning MSB8028: The intermediate directory (x64\Release\) contains files shared from another project (GEOSTAT_MC_squareXY_v2_1.vcxproj).  This can lead to incorrect clean and rebuild behavior.
  Compiling CUDA source file BST.cu...
  
  d:\WORK\GPU kody\Geoštatistika\Geostatistical application\Geostatistika - Double_checkerboard\BST\GEOSTAT_MCsquareXY_v2_1>"C:\Program Files\NVIDIA GPU Computing Toolkit\CUDA\v10.1\bin\nvcc.exe" -gencode=arch=compute_50,code=\"sm_50,compute_50\" --use-local-env -ccbin "C:\Program Files (x86)\Microsoft Visual Studio\2017\Community\VC\Tools\MSVC\14.11.25503\bin\HostX86\x64" -x cu  -I"D:\Program Files\NVIDIA GPU Computing Toolkit\CUDA\v6.5\lib\x64" -I"D:\Work\CUDA\cub-1.8.0" -I"D:\Program Files\NVIDIA GPU Computing Toolkit\CUDA\v6.5\lib\x64" -I"C:\Program Files\NVIDIA GPU Computing Toolkit\CUDA\v10.1\include" -I"C:\Program Files\NVIDIA GPU Computing Toolkit\CUDA\v10.1\include"   -lineinfo  --keep-dir x64\Release -maxrregcount=0  --machine 64 --compile -cudart static     -DWIN32 -DWIN64 -DNDEBUG -D_CONSOLE -D_MBCS -Xcompiler "/EHsc /W3 /nologo /Od /Fdx64\Release\vc141.pdb /FS /Zi  /MD " -o x64\Release\BST.cu.obj "d:\WORK\GPU kody\Geoštatistika\Geostatistical application\Geostatistika - Double_checkerboard\BST\GEOSTAT_MCsquareXY_v2_1\BST.cu" 
d:/WORK/GPU kody/GeoÜtatistika/Geostatistical application/Geostatistika - Double_checkerboard/BST/GEOSTAT_MCsquareXY_v2_1/BST.cu(632): warning : variable "sparse_blocks_d" is used before its value is set
d:/WORK/GPU kody/GeoÜtatistika/Geostatistical application/Geostatistika - Double_checkerboard/BST/GEOSTAT_MCsquareXY_v2_1/BST.cu(632): warning : variable "sparse_blocks_d" is used before its value is set
  BST.cu
d:/WORK/GPU kody/Geoštatistika/Geostatistical application/Geostatistika - Double_checkerboard/BST/GEOSTAT_MCsquareXY_v2_1/BST.cu(667): warning C4244: 'initializing': conversion from 'double' to 'energy_t', possible loss of data
d:/WORK/GPU kody/Geoštatistika/Geostatistical application/Geostatistika - Double_checkerboard/BST/GEOSTAT_MCsquareXY_v2_1/BST.cu(812): warning C4305: 'initializing': truncation from 'double' to 'energy_t'
d:/WORK/GPU kody/Geoštatistika/Geostatistical application/Geostatistika - Double_checkerboard/BST/GEOSTAT_MCsquareXY_v2_1/BST.cu(998): warning C4305: 'argument': truncation from 'double' to 'energy_t'
d:/WORK/GPU kody/Geoštatistika/Geostatistical application/Geostatistika - Double_checkerboard/BST/GEOSTAT_MCsquareXY_v2_1/BST.cu(1036): warning C4244: 'argument': conversion from 'double' to 'energy_t', possible loss of data
d:/WORK/GPU kody/Geoštatistika/Geostatistical application/Geostatistika - Double_checkerboard/BST/GEOSTAT_MCsquareXY_v2_1/BST.cu(1038): warning C4244: 'argument': conversion from 'double' to 'energy_t', possible loss of data
d:/WORK/GPU kody/Geoštatistika/Geostatistical application/Geostatistika - Double_checkerboard/BST/GEOSTAT_MCsquareXY_v2_1/BST.cu(1175): warning C4305: 'argument': truncation from 'double' to 'energy_t'
d:/WORK/GPU kody/Geoštatistika/Geostatistical application/Geostatistika - Double_checkerboard/BST/GEOSTAT_MCsquareXY_v2_1/BST.cu(1211): warning C4244: 'argument': conversion from 'double' to 'energy_t', possible loss of data
d:/WORK/GPU kody/Geoštatistika/Geostatistical application/Geostatistika - Double_checkerboard/BST/GEOSTAT_MCsquareXY_v2_1/BST.cu(1213): warning C4244: 'argument': conversion from 'double' to 'energy_t', possible loss of data
d:\work\gpu kody\geoštatistika\geostatistical application\geostatistika - double_checkerboard\bst\geostat_mcsquarexy_v2_1\bst.cu(632): warning C4700: uninitialized local variable 'sparse_blocks_d' used
d:\work\gpu kody\geoštatistika\geostatistical application\geostatistika - double_checkerboard\bst\geostat_mcsquarexy_v2_1\bst.cu(1293): warning C4700: uninitialized local variable 'seed_fill' used
  LINK : /LTCG specified but no code generation required; remove /LTCG from the link command line to improve linker performance
  GEOSTAT_MCsquareXY_v2_1.vcxproj -> D:\WORK\GPU kody\Geoštatistika\Geostatistical application\Geostatistika - Double_checkerboard\BST\x64\Release\GEOSTAT_Double_Checkerboard.exe
  copy "C:\Program Files\NVIDIA GPU Computing Toolkit\CUDA\v10.1\bin\cudart*.dll" "D:\WORK\GPU kody\Geoštatistika\Geostatistical application\Geostatistika - Double_checkerboard\BST\x64\Release\"
  C:\Program Files\NVIDIA GPU Computing Toolkit\CUDA\v10.1\bin\cudart32_101.dll
  C:\Program Files\NVIDIA GPU Computing Toolkit\CUDA\v10.1\bin\cudart64_101.dll
          2 file(s) copied.
